<?xml version="1.0" encoding="UTF-8"?>
<testng-results ignored="1" total="4" passed="3" failed="0" skipped="0">
  <reporter-output>
  </reporter-output>
  <suite started-at="2024-05-05T19:55:39 IST" name="Annotation testing" finished-at="2024-05-05T19:55:39 IST" duration-ms="317">
    <groups>
    </groups>
    <test started-at="2024-05-05T19:55:39 IST" name="Test" finished-at="2024-05-05T19:55:39 IST" duration-ms="317">
      <class name="com.testPractice.OrangeHRM">
        <test-method signature="login()[pri:0, instance:com.testPractice.OrangeHRM@56620197]" started-at="2024-05-05T19:55:39 IST" name="login" finished-at="2024-05-05T19:55:39 IST" duration-ms="9" status="PASS">
          <reporter-output>
          </reporter-output>
        </test-method> <!-- login -->
        <test-method is-config="true" signature="after()[pri:0, instance:com.testPractice.OrangeHRM@56620197]" started-at="2024-05-05T19:55:39 IST" name="after" finished-at="2024-05-05T19:55:39 IST" duration-ms="0" status="PASS">
          <reporter-output>
          </reporter-output>
        </test-method> <!-- after -->
      </class> <!-- com.testPractice.OrangeHRM -->
      <class name="com.testPractice.Annotation">
        <test-method is-config="true" signature="beforeSuite()[pri:0, instance:com.testPractice.Annotation@6a192cfe]" started-at="2024-05-05T19:55:39 IST" name="beforeSuite" finished-at="2024-05-05T19:55:39 IST" duration-ms="49" status="PASS">
          <reporter-output>
          </reporter-output>
        </test-method> <!-- beforeSuite -->
        <test-method is-config="true" signature="beforeTest()[pri:0, instance:com.testPractice.Annotation@6a192cfe]" started-at="2024-05-05T19:55:39 IST" name="beforeTest" finished-at="2024-05-05T19:55:39 IST" duration-ms="3" status="PASS">
          <reporter-output>
          </reporter-output>
        </test-method> <!-- beforeTest -->
        <test-method is-config="true" signature="beforeClass()[pri:0, instance:com.testPractice.Annotation@6a192cfe]" started-at="2024-05-05T19:55:39 IST" name="beforeClass" finished-at="2024-05-05T19:55:39 IST" duration-ms="3" status="PASS">
          <reporter-output>
          </reporter-output>
        </test-method> <!-- beforeClass -->
        <test-method is-config="true" signature="beforeMethod()[pri:0, instance:com.testPractice.Annotation@6a192cfe]" started-at="2024-05-05T19:55:39 IST" name="beforeMethod" finished-at="2024-05-05T19:55:39 IST" duration-ms="1" status="PASS">
          <reporter-output>
          </reporter-output>
        </test-method> <!-- beforeMethod -->
        <test-method signature="annotationtestMethodtest1()[pri:0, instance:com.testPractice.Annotation@6a192cfe]" started-at="2024-05-05T19:55:39 IST" name="annotationtestMethodtest1" finished-at="2024-05-05T19:55:39 IST" duration-ms="47" status="PASS">
          <reporter-output>
          </reporter-output>
        </test-method> <!-- annotationtestMethodtest1 -->
        <test-method is-config="true" signature="afterMethod()[pri:0, instance:com.testPractice.Annotation@6a192cfe]" started-at="2024-05-05T19:55:39 IST" name="afterMethod" finished-at="2024-05-05T19:55:39 IST" duration-ms="3" status="PASS">
          <reporter-output>
          </reporter-output>
        </test-method> <!-- afterMethod -->
        <test-method is-config="true" signature="beforeMethod()[pri:0, instance:com.testPractice.Annotation@6a192cfe]" started-at="2024-05-05T19:55:39 IST" name="beforeMethod" finished-at="2024-05-05T19:55:39 IST" duration-ms="2" status="PASS">
          <reporter-output>
          </reporter-output>
        </test-method> <!-- beforeMethod -->
        <test-method signature="annotationtestMethodtest2()[pri:0, instance:com.testPractice.Annotation@6a192cfe]" started-at="2024-05-05T19:55:39 IST" name="annotationtestMethodtest2" finished-at="2024-05-05T19:55:39 IST" duration-ms="11" status="PASS">
          <reporter-output>
          </reporter-output>
        </test-method> <!-- annotationtestMethodtest2 -->
        <test-method is-config="true" signature="afterMethod()[pri:0, instance:com.testPractice.Annotation@6a192cfe]" started-at="2024-05-05T19:55:39 IST" name="afterMethod" finished-at="2024-05-05T19:55:39 IST" duration-ms="2" status="PASS">
          <reporter-output>
          </reporter-output>
        </test-method> <!-- afterMethod -->
        <test-method is-config="true" signature="afterClass()[pri:0, instance:com.testPractice.Annotation@6a192cfe]" started-at="2024-05-05T19:55:39 IST" name="afterClass" finished-at="2024-05-05T19:55:39 IST" duration-ms="3" status="PASS">
          <reporter-output>
          </reporter-output>
        </test-method> <!-- afterClass -->
        <test-method is-config="true" signature="afterTest()[pri:0, instance:com.testPractice.Annotation@6a192cfe]" started-at="2024-05-05T19:55:39 IST" name="afterTest" finished-at="2024-05-05T19:55:39 IST" duration-ms="3" status="PASS">
          <reporter-output>
          </reporter-output>
        </test-method> <!-- afterTest -->
        <test-method is-config="true" signature="afterSuite()[pri:0, instance:com.testPractice.Annotation@6a192cfe]" started-at="2024-05-05T19:55:40 IST" name="afterSuite" finished-at="2024-05-05T19:55:40 IST" duration-ms="6" status="PASS">
          <reporter-output>
          </reporter-output>
        </test-method> <!-- afterSuite -->
      </class> <!-- com.testPractice.Annotation -->
    </test> <!-- Test -->
  </suite> <!-- Annotation testing -->
</testng-results>
