<?xml version="1.0" encoding="UTF-8"?>
<!-- Generated by org.testng.reporters.JUnitXMLReporter -->
<testsuite ignored="1" hostname="LTIN368401" failures="0" tests="3" name="Test" time="0.317" errors="0" timestamp="2024-05-05T19:55:39 IST">
  <testcase classname="com.testPractice.Annotation" name="annotationtestMethodtest1" time="0.047"/>
  <testcase classname="com.testPractice.Annotation" name="annotationtestMethodtest2" time="0.011"/>
  <testcase classname="com.testPractice.OrangeHRM" name="login" time="0.009"/>
  <testcase classname="com.testPractice.OrangeHRM" name="logOut" time="0.0">
    <ignored/>
  </testcase> <!-- logOut -->
</testsuite> <!-- Test -->
